<?xml version="1.0" encoding="UTF-8"?>
<!-- Generated by org.testng.reporters.JUnitReportReporter -->
<testsuite skipped="1" hostname="admin-PC" name="io.Test.Telstra.TestProject.Interpreter" tests="2" failures="0" timestamp="27 Apr 2020 07:47:27 GMT" time="130.556" errors="0">
  <testcase name="executeKeywords" time="0.166" classname="io.Test.Telstra.TestProject.Interpreter">
    <skipped/>
  </testcase> <!-- executeKeywords -->
  <testcase name="executeKeywords" time="130.390" classname="io.Test.Telstra.TestProject.Interpreter"/>
</testsuite> <!-- io.Test.Telstra.TestProject.Interpreter -->
